2025-08-15 19:24:38 | [32mINFO[0m | InvisibleToolkit:36 | Enhanced processor initialized (Level: extreme)
2025-08-15 19:24:38 | [32mINFO[0m | InvisibleToolkit:42 | Processing: demo_sample.docx
2025-08-15 19:24:38 | [32mINFO[0m | InvisibleToolkit:53 | Applying advanced bypass techniques...
2025-08-15 19:24:38 | [31mERROR[0m | InvisibleToolkit:127 | Processing failed: 
**********************************************************************
  Resource [93mpunkt_tab[0m not found.
  Please use the NLTK Downloader to obtain the resource:

  [31m>>> import nltk
  >>> nltk.download('punkt_tab')
  [0m
  For more information see: https://www.nltk.org/data.html

  Attempted to load [93mtokenizers/punkt_tab/english/[0m

  Searched in:
    - '/home/codespace/nltk_data'
    - '/usr/local/python/3.12.1/nltk_data'
    - '/usr/local/python/3.12.1/share/nltk_data'
    - '/usr/local/python/3.12.1/lib/nltk_data'
    - '/usr/share/nltk_data'
    - '/usr/local/share/nltk_data'
    - '/usr/lib/nltk_data'
    - '/usr/local/lib/nltk_data'
**********************************************************************

